                                                                                                                        
>>>>>>>>>>>>>>>>>>>>>>>>>>>>>>>>>>>>>>>>>>>>>>>>>>>>>>>>>>>>>>>>>>>>>>>>>>>>>>>>>>>>>>>>>>>>>>>>>>>>>>>>>>>>>>>>>>>>>>>>
2025-06-10 20:23:54,048 - INFO - START solution_template =============================================
2025-06-10 20:23:54,048 - INFO - START solution_template Start Time = 2025-06-10 20:23:54
2025-06-10 20:23:54,048 - INFO - solution_template Step 0 - Initialize the configuration file parser
2025-06-10 20:23:54,053 - INFO - Process solution_template Step 0 - Initializing and starting Logging Process.
2025-06-10 20:23:54,321 - INFO - PERFORMANCE solution_template The total process duration was:0.27
2025-06-10 20:23:54,322 - INFO - PERFORMANCE solution_template Stop Time = 2025-06-10 20:23:54
2025-06-10 20:23:54,322 - INFO - PERFORMANCE solution_template Short process duration less than 3 Seconds:0.27
2025-06-10 20:23:54,322 - INFO - PERFORMANCE solution_template Performance optimization is not reccomended
2025-06-10 20:23:54,322 - INFO - END solution_template =============================================

<<<<<<<<<<<<<<<<<<<<<<<<<<<<<<<<<<<<<<<<<<<<<<<<<<<<<<<<<<<<<<<<<<<<<<<<<<<<<<<<<<<<<<<<<<<<<<<<<<<<<<<<<<<<<<<<<<<<<<<<
                                                                                                                        
                                                                                                                        
>>>>>>>>>>>>>>>>>>>>>>>>>>>>>>>>>>>>>>>>>>>>>>>>>>>>>>>>>>>>>>>>>>>>>>>>>>>>>>>>>>>>>>>>>>>>>>>>>>>>>>>>>>>>>>>>>>>>>>>>
2025-06-10 20:26:58,543 - INFO - START solution_template =============================================
2025-06-10 20:26:58,544 - INFO - START solution_template Start Time = 2025-06-10 20:26:58
2025-06-10 20:26:58,544 - INFO - solution_template Step 0 - Initialize the configuration file parser
2025-06-10 20:26:58,544 - INFO - Process solution_template Step 0 - Initializing and starting Logging Process.
2025-06-10 20:26:58,775 - INFO - PERFORMANCE solution_template The total process duration was:0.23
2025-06-10 20:26:58,775 - INFO - PERFORMANCE solution_template Stop Time = 2025-06-10 20:26:58
2025-06-10 20:26:58,775 - INFO - PERFORMANCE solution_template Short process duration less than 3 Seconds:0.23
2025-06-10 20:26:58,775 - INFO - PERFORMANCE solution_template Performance optimization is not reccomended
2025-06-10 20:26:58,775 - INFO - END solution_template =============================================

<<<<<<<<<<<<<<<<<<<<<<<<<<<<<<<<<<<<<<<<<<<<<<<<<<<<<<<<<<<<<<<<<<<<<<<<<<<<<<<<<<<<<<<<<<<<<<<<<<<<<<<<<<<<<<<<<<<<<<<<
                                                                                                                        
                                                                                                                        
>>>>>>>>>>>>>>>>>>>>>>>>>>>>>>>>>>>>>>>>>>>>>>>>>>>>>>>>>>>>>>>>>>>>>>>>>>>>>>>>>>>>>>>>>>>>>>>>>>>>>>>>>>>>>>>>>>>>>>>>
2025-06-11 20:44:51,758 - INFO - START solution_template =============================================
2025-06-11 20:44:51,759 - INFO - START solution_template Start Time = 2025-06-11 20:44:51
2025-06-11 20:44:51,759 - INFO - solution_template Step 0 - Initialize the configuration file parser
2025-06-11 20:44:51,759 - INFO - Process solution_template Step 0 - Initializing and starting Logging Process.
2025-06-11 20:44:52,036 - INFO - PERFORMANCE solution_template The total process duration was:0.28
2025-06-11 20:44:52,036 - INFO - PERFORMANCE solution_template Stop Time = 2025-06-11 20:44:52
2025-06-11 20:44:52,036 - INFO - PERFORMANCE solution_template Short process duration less than 3 Seconds:0.28
2025-06-11 20:44:52,036 - INFO - PERFORMANCE solution_template Performance optimization is not reccomended
2025-06-11 20:44:52,036 - INFO - END solution_template =============================================

<<<<<<<<<<<<<<<<<<<<<<<<<<<<<<<<<<<<<<<<<<<<<<<<<<<<<<<<<<<<<<<<<<<<<<<<<<<<<<<<<<<<<<<<<<<<<<<<<<<<<<<<<<<<<<<<<<<<<<<<
                                                                                                                        
                                                                                                                        
>>>>>>>>>>>>>>>>>>>>>>>>>>>>>>>>>>>>>>>>>>>>>>>>>>>>>>>>>>>>>>>>>>>>>>>>>>>>>>>>>>>>>>>>>>>>>>>>>>>>>>>>>>>>>>>>>>>>>>>>
2025-06-11 21:37:54,842 - INFO - START solution_template =============================================
2025-06-11 21:37:54,842 - INFO - START solution_template Start Time = 2025-06-11 21:37:54
2025-06-11 21:37:54,842 - INFO - solution_template Step 0 - Initialize the configuration file parser
2025-06-11 21:37:54,842 - INFO - Process solution_template Step 0 - Initializing and starting Logging Process.
2025-06-11 21:37:55,268 - INFO - PERFORMANCE solution_template The total process duration was:0.42
2025-06-11 21:37:55,268 - INFO - PERFORMANCE solution_template Stop Time = 2025-06-11 21:37:55
2025-06-11 21:37:55,268 - INFO - PERFORMANCE solution_template Short process duration less than 3 Seconds:0.42
2025-06-11 21:37:55,268 - INFO - PERFORMANCE solution_template Performance optimization is not reccomended
2025-06-11 21:37:55,268 - INFO - END solution_template =============================================

<<<<<<<<<<<<<<<<<<<<<<<<<<<<<<<<<<<<<<<<<<<<<<<<<<<<<<<<<<<<<<<<<<<<<<<<<<<<<<<<<<<<<<<<<<<<<<<<<<<<<<<<<<<<<<<<<<<<<<<<
                                                                                                                        
                                                                                                                        
>>>>>>>>>>>>>>>>>>>>>>>>>>>>>>>>>>>>>>>>>>>>>>>>>>>>>>>>>>>>>>>>>>>>>>>>>>>>>>>>>>>>>>>>>>>>>>>>>>>>>>>>>>>>>>>>>>>>>>>>
2025-06-11 21:55:08,083 - INFO - START solution_template =============================================
2025-06-11 21:55:08,083 - INFO - START solution_template Start Time = 2025-06-11 21:55:08
2025-06-11 21:55:08,083 - INFO - solution_template Step 0 - Initialize the configuration file parser
2025-06-11 21:55:08,083 - INFO - Process solution_template Step 0 - Initializing and starting Logging Process.
2025-06-11 21:55:08,510 - INFO - PERFORMANCE solution_template The total process duration was:0.43
2025-06-11 21:55:08,510 - INFO - PERFORMANCE solution_template Stop Time = 2025-06-11 21:55:08
2025-06-11 21:55:08,510 - INFO - PERFORMANCE solution_template Short process duration less than 3 Seconds:0.43
2025-06-11 21:55:08,510 - INFO - PERFORMANCE solution_template Performance optimization is not reccomended
2025-06-11 21:55:08,510 - INFO - END solution_template =============================================

<<<<<<<<<<<<<<<<<<<<<<<<<<<<<<<<<<<<<<<<<<<<<<<<<<<<<<<<<<<<<<<<<<<<<<<<<<<<<<<<<<<<<<<<<<<<<<<<<<<<<<<<<<<<<<<<<<<<<<<<
                                                                                                                        
                                                                                                                        
>>>>>>>>>>>>>>>>>>>>>>>>>>>>>>>>>>>>>>>>>>>>>>>>>>>>>>>>>>>>>>>>>>>>>>>>>>>>>>>>>>>>>>>>>>>>>>>>>>>>>>>>>>>>>>>>>>>>>>>>
2025-06-11 22:33:07,369 - INFO - START solution_template =============================================
2025-06-11 22:33:07,369 - INFO - START solution_template Start Time = 2025-06-11 22:33:07
2025-06-11 22:33:07,369 - INFO - solution_template Step 0 - Initialize the configuration file parser
2025-06-11 22:33:07,375 - INFO - Process solution_template Step 0 - Initializing and starting Logging Process.
2025-06-11 22:33:08,696 - INFO - PERFORMANCE solution_template The total process duration was:1.33
2025-06-11 22:33:08,696 - INFO - PERFORMANCE solution_template Stop Time = 2025-06-11 22:33:08
2025-06-11 22:33:08,696 - INFO - PERFORMANCE solution_template Short process duration less than 3 Seconds:1.33
2025-06-11 22:33:08,696 - INFO - PERFORMANCE solution_template Performance optimization is not reccomended
2025-06-11 22:33:08,697 - INFO - END solution_template =============================================

<<<<<<<<<<<<<<<<<<<<<<<<<<<<<<<<<<<<<<<<<<<<<<<<<<<<<<<<<<<<<<<<<<<<<<<<<<<<<<<<<<<<<<<<<<<<<<<<<<<<<<<<<<<<<<<<<<<<<<<<
                                                                                                                        
                                                                                                                        
>>>>>>>>>>>>>>>>>>>>>>>>>>>>>>>>>>>>>>>>>>>>>>>>>>>>>>>>>>>>>>>>>>>>>>>>>>>>>>>>>>>>>>>>>>>>>>>>>>>>>>>>>>>>>>>>>>>>>>>>
2025-06-11 23:06:31,619 - INFO - START solution_template =============================================
2025-06-11 23:06:31,619 - INFO - START solution_template Start Time = 2025-06-11 23:06:31
2025-06-11 23:06:31,620 - INFO - solution_template Step 0 - Initialize the configuration file parser
2025-06-11 23:06:31,620 - INFO - Process solution_template Step 0 - Initializing and starting Logging Process.
2025-06-11 23:06:58,260 - INFO - PERFORMANCE solution_template The total process duration was:26.64
2025-06-11 23:06:58,260 - INFO - PERFORMANCE solution_template Stop Time = 2025-06-11 23:06:58
2025-06-11 23:06:58,266 - INFO - PERFORMANCE solution_template Low process duration less than 3 minutes:26.64
2025-06-11 23:06:58,266 - INFO - PERFORMANCE solution_template Performance optimization is optional
2025-06-11 23:06:58,266 - INFO - END solution_template =============================================

<<<<<<<<<<<<<<<<<<<<<<<<<<<<<<<<<<<<<<<<<<<<<<<<<<<<<<<<<<<<<<<<<<<<<<<<<<<<<<<<<<<<<<<<<<<<<<<<<<<<<<<<<<<<<<<<<<<<<<<<
                                                                                                                        
                                                                                                                        
>>>>>>>>>>>>>>>>>>>>>>>>>>>>>>>>>>>>>>>>>>>>>>>>>>>>>>>>>>>>>>>>>>>>>>>>>>>>>>>>>>>>>>>>>>>>>>>>>>>>>>>>>>>>>>>>>>>>>>>>
2025-06-11 23:15:01,280 - INFO - START solution_template =============================================
2025-06-11 23:15:01,280 - INFO - START solution_template Start Time = 2025-06-11 23:15:01
2025-06-11 23:15:01,280 - INFO - solution_template Step 0 - Initialize the configuration file parser
2025-06-11 23:15:01,280 - INFO - Process solution_template Step 0 - Initializing and starting Logging Process.
2025-06-11 23:15:39,462 - INFO - PERFORMANCE solution_template The total process duration was:38.18
2025-06-11 23:15:39,462 - INFO - PERFORMANCE solution_template Stop Time = 2025-06-11 23:15:39
2025-06-11 23:15:39,462 - INFO - PERFORMANCE solution_template Low process duration less than 3 minutes:38.18
2025-06-11 23:15:39,463 - INFO - PERFORMANCE solution_template Performance optimization is optional
2025-06-11 23:15:39,464 - INFO - END solution_template =============================================

<<<<<<<<<<<<<<<<<<<<<<<<<<<<<<<<<<<<<<<<<<<<<<<<<<<<<<<<<<<<<<<<<<<<<<<<<<<<<<<<<<<<<<<<<<<<<<<<<<<<<<<<<<<<<<<<<<<<<<<<
                                                                                                                        
                                                                                                                        
>>>>>>>>>>>>>>>>>>>>>>>>>>>>>>>>>>>>>>>>>>>>>>>>>>>>>>>>>>>>>>>>>>>>>>>>>>>>>>>>>>>>>>>>>>>>>>>>>>>>>>>>>>>>>>>>>>>>>>>>
2025-06-12 20:55:48,647 - INFO - START solution_template =============================================
2025-06-12 20:55:48,647 - INFO - START solution_template Start Time = 2025-06-12 20:55:48
2025-06-12 20:55:48,647 - INFO - solution_template Step 0 - Initialize the configuration file parser
2025-06-12 20:55:48,648 - INFO - Process solution_template Step 0 - Initializing and starting Logging Process.
2025-06-12 20:57:03,355 - INFO - PERFORMANCE solution_template The total process duration was:74.71
2025-06-12 20:57:03,355 - INFO - PERFORMANCE solution_template Stop Time = 2025-06-12 20:57:03
2025-06-12 20:57:03,355 - INFO - PERFORMANCE solution_template Low process duration less than 3 minutes:74.71
2025-06-12 20:57:03,355 - INFO - PERFORMANCE solution_template Performance optimization is optional
2025-06-12 20:57:03,355 - INFO - END solution_template =============================================

<<<<<<<<<<<<<<<<<<<<<<<<<<<<<<<<<<<<<<<<<<<<<<<<<<<<<<<<<<<<<<<<<<<<<<<<<<<<<<<<<<<<<<<<<<<<<<<<<<<<<<<<<<<<<<<<<<<<<<<<
                                                                                                                        
